[debug] [2026-02-24T21:35:36.049Z] ----------------------------------------------------------------------
[debug] [2026-02-24T21:35:36.051Z] Command:       /usr/local/bin/firebase /Users/bquinlan/.cache/firebase/tools/lib/node_modules/firebase-tools/lib/bin/firebase emulators:start --project=skilful-orb-203421 --log-verbosity=DEBUG
[debug] [2026-02-24T21:35:36.052Z] CLI Version:   13.31.2
[debug] [2026-02-24T21:35:36.052Z] Platform:      darwin
[debug] [2026-02-24T21:35:36.052Z] Node Version:  v18.5.0
[debug] [2026-02-24T21:35:36.058Z] Time:          Tue Feb 24 2026 13:35:36 GMT-0800 (Pacific Standard Time)
[debug] [2026-02-24T21:35:36.058Z] ----------------------------------------------------------------------
[debug] 
[debug] [2026-02-24T21:35:36.416Z] > command requires scopes: ["email","openid","https://www.googleapis.com/auth/cloudplatformprojects.readonly","https://www.googleapis.com/auth/firebase","https://www.googleapis.com/auth/cloud-platform"]
[debug] [2026-02-24T21:35:36.418Z] > authorizing via signed-in user (bquinlan@google.com)
[debug] [2026-02-24T21:35:36.520Z] java version "25.0.2" 2026-01-20 LTS
Java(TM) SE Runtime Environment (build 25.0.2+10-LTS-69)
Java HotSpot(TM) 64-Bit Server VM (build 25.0.2+10-LTS-69, mixed mode, sharing)

[debug] [2026-02-24T21:35:36.538Z] Parsed Java major version: 25
[info] i  emulators: Starting emulators: storage {"metadata":{"emulator":{"name":"hub"},"message":"Starting emulators: storage"}}
[debug] [2026-02-24T21:35:37.933Z] [logging] Logging Emulator only supports listening on one address (127.0.0.1). Not listening on ::1
[debug] [2026-02-24T21:35:37.935Z] [storage] Storage Emulator only supports listening on one address (127.0.0.1). Not listening on ::1
[debug] [2026-02-24T21:35:37.935Z] assigned listening specs for emulators {"user":{"hub":[{"address":"127.0.0.1","family":"IPv4","port":4400},{"address":"::1","family":"IPv6","port":4400}],"ui":[{"address":"127.0.0.1","family":"IPv4","port":4000},{"address":"::1","family":"IPv6","port":4000}],"logging":[{"address":"127.0.0.1","family":"IPv4","port":4500}],"storage":[{"address":"127.0.0.1","family":"IPv4","port":9199}]},"metadata":{"message":"assigned listening specs for emulators"}}
[debug] [2026-02-24T21:35:37.956Z] [hub] writing locator at /var/folders/1n/2bc9kdp54sscvr5jqzwmtmz4001cct/T/hub-skilful-orb-203421.json
[debug] [2026-02-24T21:35:37.982Z] Ignoring unsupported arg: port {"metadata":{"emulator":{"name":"storage"},"message":"Ignoring unsupported arg: port"}}
[warn] ⚠  Unexpected rules runtime error: WARNING: A terminally deprecated method in sun.misc.Unsafe has been called
WARNING: sun.misc.Unsafe::arrayBaseOffset has been called by com.google.protobuf.UnsafeUtil$MemoryAccessor (file:/Users/bquinlan/.cache/firebase/emulators/cloud-storage-rules-runtime-v1.1.3.jar)
WARNING: Please consider reporting this to the maintainers of class com.google.protobuf.UnsafeUtil$MemoryAccessor
WARNING: sun.misc.Unsafe::arrayBaseOffset will be removed in a future release
 {"metadata":{"emulator":{"name":"storage"},"message":"Unexpected rules runtime error: WARNING: A terminally deprecated method in sun.misc.Unsafe has been called\nWARNING: sun.misc.Unsafe::arrayBaseOffset has been called by com.google.protobuf.UnsafeUtil$MemoryAccessor (file:/Users/bquinlan/.cache/firebase/emulators/cloud-storage-rules-runtime-v1.1.3.jar)\nWARNING: Please consider reporting this to the maintainers of class com.google.protobuf.UnsafeUtil$MemoryAccessor\nWARNING: sun.misc.Unsafe::arrayBaseOffset will be removed in a future release\n"}}
[debug] [2026-02-24T21:35:38.729Z] Temp file directory for storage emulator: /var/folders/1n/2bc9kdp54sscvr5jqzwmtmz4001cct/T/firebase/storage/blobs {"metadata":{"emulator":{"name":"storage"},"message":"Temp file directory for storage emulator: /var/folders/1n/2bc9kdp54sscvr5jqzwmtmz4001cct/T/firebase/storage/blobs"}}
[debug] [2026-02-24T21:35:38.785Z] Could not find VSCode notification endpoint: FetchError: request to http://localhost:40001/vscode/notify failed, reason: connect ECONNREFUSED ::1:40001. If you are not running the Firebase Data Connect VSCode extension, this is expected and not an issue.
[info] 
┌─────────────────────────────────────────────────────────────┐
│ ✔  All emulators ready! It is now safe to connect your app. │
│ i  View Emulator UI at http://127.0.0.1:4000/               │
└─────────────────────────────────────────────────────────────┘

┌──────────┬────────────────┬───────────────────────────────┐
│ Emulator │ Host:Port      │ View in Emulator UI           │
├──────────┼────────────────┼───────────────────────────────┤
│ Storage  │ 127.0.0.1:9199 │ http://127.0.0.1:4000/storage │
└──────────┴────────────────┴───────────────────────────────┘
  Emulator Hub running at 127.0.0.1:4400
  Other reserved ports: 4500

Issues? Report them at https://github.com/firebase/firebase-tools/issues and attach the *-debug.log files.
 
[debug] [2026-02-24T21:35:42.296Z] Checked if tokens are valid: false, expires at: 1741728566363
[debug] [2026-02-24T21:35:42.297Z] Checked if tokens are valid: false, expires at: 1741728566363
[debug] [2026-02-24T21:35:42.298Z] > refreshing access token with scopes: []
[debug] [2026-02-24T21:35:42.303Z] >>> [apiv2][query] POST https://www.googleapis.com/oauth2/v3/token [none]
[debug] [2026-02-24T21:35:42.303Z] >>> [apiv2][body] POST https://www.googleapis.com/oauth2/v3/token [omitted]
[debug] [2026-02-24T21:35:42.688Z] <<< [apiv2][status] POST https://www.googleapis.com/oauth2/v3/token 400
[debug] [2026-02-24T21:35:42.689Z] <<< [apiv2][body] POST https://www.googleapis.com/oauth2/v3/token [omitted]
[debug] [2026-02-24T21:35:42.689Z] >>> [apiv2][query] GET https://firebase.googleapis.com/v1beta1/projects/skilful-orb-203421/adminSdkConfig [none]
[debug] [2026-02-24T21:35:42.858Z] <<< [apiv2][status] GET https://firebase.googleapis.com/v1beta1/projects/skilful-orb-203421/adminSdkConfig 401
[debug] [2026-02-24T21:35:42.859Z] <<< [apiv2][body] GET https://firebase.googleapis.com/v1beta1/projects/skilful-orb-203421/adminSdkConfig {"error":{"code":401,"message":"Request had invalid authentication credentials. Expected OAuth 2 access token, login cookie or other valid authentication credential. See https://developers.google.com/identity/sign-in/web/devconsole-project.","status":"UNAUTHENTICATED"}}
[debug] [2026-02-24T21:35:42.859Z] Got a 401 Unauthenticated error for a call that required authentication. Refreshing tokens.
[debug] [2026-02-24T21:35:42.859Z] Checked if tokens are valid: false, expires at: 1741728566363
[debug] [2026-02-24T21:35:42.859Z] Checked if tokens are valid: false, expires at: 1741728566363
[debug] [2026-02-24T21:35:42.859Z] > refreshing access token with scopes: []
[debug] [2026-02-24T21:35:42.860Z] >>> [apiv2][query] POST https://www.googleapis.com/oauth2/v3/token [none]
[debug] [2026-02-24T21:35:42.861Z] >>> [apiv2][body] POST https://www.googleapis.com/oauth2/v3/token [omitted]
[debug] [2026-02-24T21:35:43.028Z] <<< [apiv2][status] POST https://www.googleapis.com/oauth2/v3/token 400
[debug] [2026-02-24T21:35:43.029Z] <<< [apiv2][body] POST https://www.googleapis.com/oauth2/v3/token [omitted]
[debug] [2026-02-24T21:35:43.031Z] Failed to get Admin SDK config for skilful-orb-203421, falling back to cache Failed to get Admin SDK for Firebase project skilful-orb-203421. Please make sure the project exists and your account has permission to access it. {"name":"FirebaseError","children":[],"exit":2,"message":"Failed to get Admin SDK for Firebase project skilful-orb-203421. Please make sure the project exists and your account has permission to access it.","original":{"name":"FirebaseError","children":[],"context":{"body":{"error":{"code":401,"message":"Request had invalid authentication credentials. Expected OAuth 2 access token, login cookie or other valid authentication credential. See https://developers.google.com/identity/sign-in/web/devconsole-project.","status":"UNAUTHENTICATED"}},"response":{"statusCode":401}},"exit":1,"message":"Request to https://firebase.googleapis.com/v1beta1/projects/skilful-orb-203421/adminSdkConfig had HTTP Error: 401, Request had invalid authentication credentials. Expected OAuth 2 access token, login cookie or other valid authentication credential. See https://developers.google.com/identity/sign-in/web/devconsole-project.","status":401},"status":500}
